[debug] [2025-08-23T12:23:48.047Z] ----------------------------------------------------------------------
[debug] [2025-08-23T12:23:48.049Z] Command:       /usr/local/bin/firebase /Users/macuser/.cache/firebase/tools/lib/node_modules/firebase-tools/lib/bin/firebase serve
[debug] [2025-08-23T12:23:48.049Z] CLI Version:   13.0.3
[debug] [2025-08-23T12:23:48.050Z] Platform:      darwin
[debug] [2025-08-23T12:23:48.050Z] Node Version:  v18.5.0
[debug] [2025-08-23T12:23:48.057Z] Time:          Sat Aug 23 2025 12:23:48 GMT+0000 (Greenwich Mean Time)
[debug] [2025-08-23T12:23:48.057Z] ----------------------------------------------------------------------
[debug] 
[debug] [2025-08-23T12:23:48.060Z] >>> [apiv2][query] GET https://firebase-public.firebaseio.com/cli.json [none]
[debug] [2025-08-23T12:23:48.165Z] > command requires scopes: ["email","openid","https://www.googleapis.com/auth/cloudplatformprojects.readonly","https://www.googleapis.com/auth/firebase","https://www.googleapis.com/auth/cloud-platform"]
[debug] [2025-08-23T12:23:48.166Z] > authorizing via signed-in user (kwartengblanksonfobi@gmail.com)
[debug] [2025-08-23T12:23:48.166Z] [iam] checking project dpointslogin for permissions ["firebase.projects.get"]
[debug] [2025-08-23T12:23:48.167Z] > refreshing access token with scopes: []
[debug] [2025-08-23T12:23:48.167Z] >>> [apiv2][query] POST https://www.googleapis.com/oauth2/v3/token [none]
[debug] [2025-08-23T12:23:48.168Z] >>> [apiv2][body] POST https://www.googleapis.com/oauth2/v3/token [omitted]
[debug] [2025-08-23T12:23:49.002Z] <<< [apiv2][status] GET https://firebase-public.firebaseio.com/cli.json 200
[debug] [2025-08-23T12:23:49.002Z] <<< [apiv2][body] GET https://firebase-public.firebaseio.com/cli.json {"cloudBuildErrorAfter":1594252800000,"cloudBuildWarnAfter":1590019200000,"defaultNode10After":1594252800000,"minVersion":"3.0.5","node8DeploysDisabledAfter":1613390400000,"node8RuntimeDisabledAfter":1615809600000,"node8WarnAfter":1600128000000}
[debug] [2025-08-23T12:23:49.056Z] <<< [apiv2][status] POST https://www.googleapis.com/oauth2/v3/token 200
[debug] [2025-08-23T12:23:49.056Z] <<< [apiv2][body] POST https://www.googleapis.com/oauth2/v3/token [omitted]
[debug] [2025-08-23T12:23:49.103Z] >>> [apiv2][query] POST https://cloudresourcemanager.googleapis.com/v1/projects/dpointslogin:testIamPermissions [none]
[debug] [2025-08-23T12:23:49.103Z] >>> [apiv2][(partial)header] POST https://cloudresourcemanager.googleapis.com/v1/projects/dpointslogin:testIamPermissions x-goog-quota-user=projects/dpointslogin
[debug] [2025-08-23T12:23:49.103Z] >>> [apiv2][body] POST https://cloudresourcemanager.googleapis.com/v1/projects/dpointslogin:testIamPermissions {"permissions":["firebase.projects.get"]}
[debug] [2025-08-23T12:23:50.406Z] <<< [apiv2][status] POST https://cloudresourcemanager.googleapis.com/v1/projects/dpointslogin:testIamPermissions 200
[debug] [2025-08-23T12:23:50.406Z] <<< [apiv2][body] POST https://cloudresourcemanager.googleapis.com/v1/projects/dpointslogin:testIamPermissions {"permissions":["firebase.projects.get"]}
[debug] [2025-08-23T12:23:50.407Z] >>> [apiv2][query] GET https://firebase.googleapis.com/v1beta1/projects/dpointslogin [none]
[debug] [2025-08-23T12:23:51.439Z] <<< [apiv2][status] GET https://firebase.googleapis.com/v1beta1/projects/dpointslogin 200
[debug] [2025-08-23T12:23:51.439Z] <<< [apiv2][body] GET https://firebase.googleapis.com/v1beta1/projects/dpointslogin {"projectId":"dpointslogin","projectNumber":"486203348613","displayName":"dpointsLogin","name":"projects/dpointslogin","resources":{"hostingSite":"dpointslogin"},"state":"ACTIVE","etag":"1_27328e6c-aacd-4a62-961c-242ed92c0cd5"}
[info] 
[info] === Serving from '/Users/macuser/Documents/Behaviour-Tracker'...
[info] 
[debug] [2025-08-23T12:23:51.441Z] >>> [apiv2][query] GET https://firebasehosting.googleapis.com/v1beta1/projects/dpointslogin/sites 
[debug] [2025-08-23T12:23:53.059Z] <<< [apiv2][status] GET https://firebasehosting.googleapis.com/v1beta1/projects/dpointslogin/sites 200
[debug] [2025-08-23T12:23:53.059Z] <<< [apiv2][body] GET https://firebasehosting.googleapis.com/v1beta1/projects/dpointslogin/sites {"sites":[{"name":"projects/dpointslogin/sites/dpointslogin","defaultUrl":"https://dpointslogin.web.app","type":"DEFAULT_SITE"}]}
[debug] [2025-08-23T12:23:53.059Z] >>> [apiv2][query] GET https://firebase.googleapis.com/v1beta1/projects/dpointslogin/webApps/-/config [none]
[debug] [2025-08-23T12:23:54.116Z] <<< [apiv2][status] GET https://firebase.googleapis.com/v1beta1/projects/dpointslogin/webApps/-/config 200
[debug] [2025-08-23T12:23:54.117Z] <<< [apiv2][body] GET https://firebase.googleapis.com/v1beta1/projects/dpointslogin/webApps/-/config {"projectId":"dpointslogin","appId":"1:486203348613:web:a22083bc80b9326bc73bec","storageBucket":"dpointslogin.firebasestorage.app","apiKey":"AIzaSyBNGdPWISw803XD8xVo0RyCGoGpNX8o_jM","authDomain":"dpointslogin.firebaseapp.com","messagingSenderId":"486203348613"}
[debug] [2025-08-23T12:23:54.149Z] >>> [apiv2][query] GET https://firebase.googleapis.com/v1beta1/projects/dpointslogin [none]
[debug] [2025-08-23T12:23:54.935Z] <<< [apiv2][status] GET https://firebase.googleapis.com/v1beta1/projects/dpointslogin 200
[debug] [2025-08-23T12:23:54.936Z] <<< [apiv2][body] GET https://firebase.googleapis.com/v1beta1/projects/dpointslogin {"projectId":"dpointslogin","projectNumber":"486203348613","displayName":"dpointsLogin","name":"projects/dpointslogin","resources":{"hostingSite":"dpointslogin"},"state":"ACTIVE","etag":"1_27328e6c-aacd-4a62-961c-242ed92c0cd5"}
[info] ✔  hosting[dpointslogin]: Local server: http://localhost:5002 {"metadata":{"emulator":{"name":"hosting"},"message":"Local server: \u001b[4m\u001b[1mhttp://localhost:5002\u001b[22m\u001b[24m"}}
[info] i  hosting: ::1 - - [23/Aug/2025:12:23:59 +0000] "GET /?ide_webview_request_time=1755951839149 HTTP/1.1" 200 - "-" "Mozilla/5.0 (Macintosh; Intel Mac OS X 10_15_7) AppleWebKit/537.36 (KHTML, like Gecko) Trae/1.100.3 Chrome/132.0.6834.210 Electron/34.5.1 Safari/537.36" {"metadata":{"emulator":{"name":"hosting"},"message":"::1 - - [23/Aug/2025:12:23:59 +0000] \"GET /?ide_webview_request_time=1755951839149 HTTP/1.1\" 200 - \"-\" \"Mozilla/5.0 (Macintosh; Intel Mac OS X 10_15_7) AppleWebKit/537.36 (KHTML, like Gecko) Trae/1.100.3 Chrome/132.0.6834.210 Electron/34.5.1 Safari/537.36\""}}
[info] i  hosting: ::1 - - [23/Aug/2025:12:23:59 +0000] "GET /style.css HTTP/1.1" 200 - "http://localhost:5002/?ide_webview_request_time=1755951839149" "Mozilla/5.0 (Macintosh; Intel Mac OS X 10_15_7) AppleWebKit/537.36 (KHTML, like Gecko) Trae/1.100.3 Chrome/132.0.6834.210 Electron/34.5.1 Safari/537.36" {"metadata":{"emulator":{"name":"hosting"},"message":"::1 - - [23/Aug/2025:12:23:59 +0000] \"GET /style.css HTTP/1.1\" 200 - \"http://localhost:5002/?ide_webview_request_time=1755951839149\" \"Mozilla/5.0 (Macintosh; Intel Mac OS X 10_15_7) AppleWebKit/537.36 (KHTML, like Gecko) Trae/1.100.3 Chrome/132.0.6834.210 Electron/34.5.1 Safari/537.36\""}}
[info] i  hosting: ::1 - - [23/Aug/2025:12:23:59 +0000] "GET /firebaseauth.js HTTP/1.1" 200 - "http://localhost:5002/?ide_webview_request_time=1755951839149" "Mozilla/5.0 (Macintosh; Intel Mac OS X 10_15_7) AppleWebKit/537.36 (KHTML, like Gecko) Trae/1.100.3 Chrome/132.0.6834.210 Electron/34.5.1 Safari/537.36" {"metadata":{"emulator":{"name":"hosting"},"message":"::1 - - [23/Aug/2025:12:23:59 +0000] \"GET /firebaseauth.js HTTP/1.1\" 200 - \"http://localhost:5002/?ide_webview_request_time=1755951839149\" \"Mozilla/5.0 (Macintosh; Intel Mac OS X 10_15_7) AppleWebKit/537.36 (KHTML, like Gecko) Trae/1.100.3 Chrome/132.0.6834.210 Electron/34.5.1 Safari/537.36\""}}
[info] i  hosting: ::1 - - [23/Aug/2025:12:23:59 +0000] "GET /script.js HTTP/1.1" 200 481 "http://localhost:5002/?ide_webview_request_time=1755951839149" "Mozilla/5.0 (Macintosh; Intel Mac OS X 10_15_7) AppleWebKit/537.36 (KHTML, like Gecko) Trae/1.100.3 Chrome/132.0.6834.210 Electron/34.5.1 Safari/537.36" {"metadata":{"emulator":{"name":"hosting"},"message":"::1 - - [23/Aug/2025:12:23:59 +0000] \"GET /script.js HTTP/1.1\" 200 481 \"http://localhost:5002/?ide_webview_request_time=1755951839149\" \"Mozilla/5.0 (Macintosh; Intel Mac OS X 10_15_7) AppleWebKit/537.36 (KHTML, like Gecko) Trae/1.100.3 Chrome/132.0.6834.210 Electron/34.5.1 Safari/537.36\""}}
[info] i  hosting: ::1 - - [23/Aug/2025:12:23:59 +0000] "GET /images/logo1.png HTTP/1.1" 200 1099189 "http://localhost:5002/?ide_webview_request_time=1755951839149" "Mozilla/5.0 (Macintosh; Intel Mac OS X 10_15_7) AppleWebKit/537.36 (KHTML, like Gecko) Trae/1.100.3 Chrome/132.0.6834.210 Electron/34.5.1 Safari/537.36" {"metadata":{"emulator":{"name":"hosting"},"message":"::1 - - [23/Aug/2025:12:23:59 +0000] \"GET /images/logo1.png HTTP/1.1\" 200 1099189 \"http://localhost:5002/?ide_webview_request_time=1755951839149\" \"Mozilla/5.0 (Macintosh; Intel Mac OS X 10_15_7) AppleWebKit/537.36 (KHTML, like Gecko) Trae/1.100.3 Chrome/132.0.6834.210 Electron/34.5.1 Safari/537.36\""}}
[info] i  hosting: ::1 - - [23/Aug/2025:12:24:02 +0000] "GET /@vite/client HTTP/1.1" 200 - "http://localhost:5002/?ide_webview_request_time=1755951839149" "Mozilla/5.0 (Macintosh; Intel Mac OS X 10_15_7) AppleWebKit/537.36 (KHTML, like Gecko) Trae/1.100.3 Chrome/132.0.6834.210 Electron/34.5.1 Safari/537.36" {"metadata":{"emulator":{"name":"hosting"},"message":"::1 - - [23/Aug/2025:12:24:02 +0000] \"GET /@vite/client HTTP/1.1\" 200 - \"http://localhost:5002/?ide_webview_request_time=1755951839149\" \"Mozilla/5.0 (Macintosh; Intel Mac OS X 10_15_7) AppleWebKit/537.36 (KHTML, like Gecko) Trae/1.100.3 Chrome/132.0.6834.210 Electron/34.5.1 Safari/537.36\""}}
[info] i  hosting: ::1 - - [23/Aug/2025:12:24:14 +0000] "GET /dashboard.html?ide_webview_request_time=1755951854361 HTTP/1.1" 200 - "-" "Mozilla/5.0 (Macintosh; Intel Mac OS X 10_15_7) AppleWebKit/537.36 (KHTML, like Gecko) Trae/1.100.3 Chrome/132.0.6834.210 Electron/34.5.1 Safari/537.36" {"metadata":{"emulator":{"name":"hosting"},"message":"::1 - - [23/Aug/2025:12:24:14 +0000] \"GET /dashboard.html?ide_webview_request_time=1755951854361 HTTP/1.1\" 200 - \"-\" \"Mozilla/5.0 (Macintosh; Intel Mac OS X 10_15_7) AppleWebKit/537.36 (KHTML, like Gecko) Trae/1.100.3 Chrome/132.0.6834.210 Electron/34.5.1 Safari/537.36\""}}
[info] i  hosting: ::1 - - [23/Aug/2025:12:24:18 +0000] "GET /index.html HTTP/1.1" 200 - "http://localhost:5002/dashboard.html?ide_webview_request_time=1755951854361" "Mozilla/5.0 (Macintosh; Intel Mac OS X 10_15_7) AppleWebKit/537.36 (KHTML, like Gecko) Trae/1.100.3 Chrome/132.0.6834.210 Electron/34.5.1 Safari/537.36" {"metadata":{"emulator":{"name":"hosting"},"message":"::1 - - [23/Aug/2025:12:24:18 +0000] \"GET /index.html HTTP/1.1\" 200 - \"http://localhost:5002/dashboard.html?ide_webview_request_time=1755951854361\" \"Mozilla/5.0 (Macintosh; Intel Mac OS X 10_15_7) AppleWebKit/537.36 (KHTML, like Gecko) Trae/1.100.3 Chrome/132.0.6834.210 Electron/34.5.1 Safari/537.36\""}}
[debug] [2025-08-23T12:30:58.386Z] ----------------------------------------------------------------------
[debug] [2025-08-23T12:30:58.388Z] Command:       /usr/local/bin/firebase /Users/macuser/.cache/firebase/tools/lib/node_modules/firebase-tools/lib/bin/firebase serve
[debug] [2025-08-23T12:30:58.388Z] CLI Version:   13.0.3
[debug] [2025-08-23T12:30:58.388Z] Platform:      darwin
[debug] [2025-08-23T12:30:58.389Z] Node Version:  v18.5.0
[debug] [2025-08-23T12:30:58.390Z] Time:          Sat Aug 23 2025 12:30:58 GMT+0000 (Greenwich Mean Time)
[debug] [2025-08-23T12:30:58.390Z] ----------------------------------------------------------------------
[debug] 
[debug] [2025-08-23T12:30:58.461Z] > command requires scopes: ["email","openid","https://www.googleapis.com/auth/cloudplatformprojects.readonly","https://www.googleapis.com/auth/firebase","https://www.googleapis.com/auth/cloud-platform"]
[debug] [2025-08-23T12:30:58.462Z] > authorizing via signed-in user (kwartengblanksonfobi@gmail.com)
[debug] [2025-08-23T12:30:58.462Z] [iam] checking project dpointslogin for permissions ["firebase.projects.get"]
[debug] [2025-08-23T12:30:58.464Z] >>> [apiv2][query] POST https://cloudresourcemanager.googleapis.com/v1/projects/dpointslogin:testIamPermissions [none]
[debug] [2025-08-23T12:30:58.465Z] >>> [apiv2][(partial)header] POST https://cloudresourcemanager.googleapis.com/v1/projects/dpointslogin:testIamPermissions x-goog-quota-user=projects/dpointslogin
[debug] [2025-08-23T12:30:58.465Z] >>> [apiv2][body] POST https://cloudresourcemanager.googleapis.com/v1/projects/dpointslogin:testIamPermissions {"permissions":["firebase.projects.get"]}
[debug] [2025-08-23T12:30:59.815Z] <<< [apiv2][status] POST https://cloudresourcemanager.googleapis.com/v1/projects/dpointslogin:testIamPermissions 200
[debug] [2025-08-23T12:30:59.816Z] <<< [apiv2][body] POST https://cloudresourcemanager.googleapis.com/v1/projects/dpointslogin:testIamPermissions {"permissions":["firebase.projects.get"]}
[debug] [2025-08-23T12:30:59.816Z] >>> [apiv2][query] GET https://firebase.googleapis.com/v1beta1/projects/dpointslogin [none]
[debug] [2025-08-23T12:31:00.974Z] <<< [apiv2][status] GET https://firebase.googleapis.com/v1beta1/projects/dpointslogin 200
[debug] [2025-08-23T12:31:00.975Z] <<< [apiv2][body] GET https://firebase.googleapis.com/v1beta1/projects/dpointslogin {"projectId":"dpointslogin","projectNumber":"486203348613","displayName":"dpointsLogin","name":"projects/dpointslogin","resources":{"hostingSite":"dpointslogin"},"state":"ACTIVE","etag":"1_27328e6c-aacd-4a62-961c-242ed92c0cd5"}
[info] 
[info] === Serving from '/Users/macuser/Documents/Behaviour-Tracker'...
[info] 
[debug] [2025-08-23T12:31:00.977Z] >>> [apiv2][query] GET https://firebasehosting.googleapis.com/v1beta1/projects/dpointslogin/sites 
[debug] [2025-08-23T12:31:02.454Z] <<< [apiv2][status] GET https://firebasehosting.googleapis.com/v1beta1/projects/dpointslogin/sites 200
[debug] [2025-08-23T12:31:02.455Z] <<< [apiv2][body] GET https://firebasehosting.googleapis.com/v1beta1/projects/dpointslogin/sites {"sites":[{"name":"projects/dpointslogin/sites/dpointslogin","defaultUrl":"https://dpointslogin.web.app","type":"DEFAULT_SITE"}]}
[debug] [2025-08-23T12:31:02.455Z] >>> [apiv2][query] GET https://firebase.googleapis.com/v1beta1/projects/dpointslogin/webApps/-/config [none]
[debug] [2025-08-23T12:31:03.707Z] <<< [apiv2][status] GET https://firebase.googleapis.com/v1beta1/projects/dpointslogin/webApps/-/config 200
[debug] [2025-08-23T12:31:03.708Z] <<< [apiv2][body] GET https://firebase.googleapis.com/v1beta1/projects/dpointslogin/webApps/-/config {"projectId":"dpointslogin","appId":"1:486203348613:web:a22083bc80b9326bc73bec","storageBucket":"dpointslogin.firebasestorage.app","apiKey":"AIzaSyBNGdPWISw803XD8xVo0RyCGoGpNX8o_jM","authDomain":"dpointslogin.firebaseapp.com","messagingSenderId":"486203348613"}
[debug] [2025-08-23T12:31:03.736Z] >>> [apiv2][query] GET https://firebase.googleapis.com/v1beta1/projects/dpointslogin [none]
[debug] [2025-08-23T12:31:04.613Z] <<< [apiv2][status] GET https://firebase.googleapis.com/v1beta1/projects/dpointslogin 200
[debug] [2025-08-23T12:31:04.614Z] <<< [apiv2][body] GET https://firebase.googleapis.com/v1beta1/projects/dpointslogin {"projectId":"dpointslogin","projectNumber":"486203348613","displayName":"dpointsLogin","name":"projects/dpointslogin","resources":{"hostingSite":"dpointslogin"},"state":"ACTIVE","etag":"1_27328e6c-aacd-4a62-961c-242ed92c0cd5"}
[info] ✔  hosting[dpointslogin]: Local server: http://localhost:5002 {"metadata":{"emulator":{"name":"hosting"},"message":"Local server: \u001b[4m\u001b[1mhttp://localhost:5002\u001b[22m\u001b[24m"}}
[info] i  hosting: ::1 - - [23/Aug/2025:12:31:13 +0000] "GET /dashboard.html?ide_webview_request_time=1755952273022 HTTP/1.1" 200 - "-" "Mozilla/5.0 (Macintosh; Intel Mac OS X 10_15_7) AppleWebKit/537.36 (KHTML, like Gecko) Trae/1.100.3 Chrome/132.0.6834.210 Electron/34.5.1 Safari/537.36" {"metadata":{"emulator":{"name":"hosting"},"message":"::1 - - [23/Aug/2025:12:31:13 +0000] \"GET /dashboard.html?ide_webview_request_time=1755952273022 HTTP/1.1\" 200 - \"-\" \"Mozilla/5.0 (Macintosh; Intel Mac OS X 10_15_7) AppleWebKit/537.36 (KHTML, like Gecko) Trae/1.100.3 Chrome/132.0.6834.210 Electron/34.5.1 Safari/537.36\""}}
[info] i  hosting: ::1 - - [23/Aug/2025:12:31:16 +0000] "GET /dashboard.html?ide_webview_request_time=1755952276813 HTTP/1.1" 200 - "-" "Mozilla/5.0 (Macintosh; Intel Mac OS X 10_15_7) AppleWebKit/537.36 (KHTML, like Gecko) Trae/1.100.3 Chrome/132.0.6834.210 Electron/34.5.1 Safari/537.36" {"metadata":{"emulator":{"name":"hosting"},"message":"::1 - - [23/Aug/2025:12:31:16 +0000] \"GET /dashboard.html?ide_webview_request_time=1755952276813 HTTP/1.1\" 200 - \"-\" \"Mozilla/5.0 (Macintosh; Intel Mac OS X 10_15_7) AppleWebKit/537.36 (KHTML, like Gecko) Trae/1.100.3 Chrome/132.0.6834.210 Electron/34.5.1 Safari/537.36\""}}
[debug] [2025-08-23T12:33:46.417Z] ----------------------------------------------------------------------
[debug] [2025-08-23T12:33:46.419Z] Command:       /usr/local/bin/firebase /Users/macuser/.cache/firebase/tools/lib/node_modules/firebase-tools/lib/bin/firebase serve
[debug] [2025-08-23T12:33:46.419Z] CLI Version:   13.0.3
[debug] [2025-08-23T12:33:46.419Z] Platform:      darwin
[debug] [2025-08-23T12:33:46.420Z] Node Version:  v18.5.0
[debug] [2025-08-23T12:33:46.421Z] Time:          Sat Aug 23 2025 12:33:46 GMT+0000 (Greenwich Mean Time)
[debug] [2025-08-23T12:33:46.421Z] ----------------------------------------------------------------------
[debug] 
[debug] [2025-08-23T12:33:46.483Z] > command requires scopes: ["email","openid","https://www.googleapis.com/auth/cloudplatformprojects.readonly","https://www.googleapis.com/auth/firebase","https://www.googleapis.com/auth/cloud-platform"]
[debug] [2025-08-23T12:33:46.483Z] > authorizing via signed-in user (kwartengblanksonfobi@gmail.com)
[debug] [2025-08-23T12:33:46.483Z] [iam] checking project dpointslogin for permissions ["firebase.projects.get"]
[debug] [2025-08-23T12:33:46.485Z] >>> [apiv2][query] POST https://cloudresourcemanager.googleapis.com/v1/projects/dpointslogin:testIamPermissions [none]
[debug] [2025-08-23T12:33:46.485Z] >>> [apiv2][(partial)header] POST https://cloudresourcemanager.googleapis.com/v1/projects/dpointslogin:testIamPermissions x-goog-quota-user=projects/dpointslogin
[debug] [2025-08-23T12:33:46.485Z] >>> [apiv2][body] POST https://cloudresourcemanager.googleapis.com/v1/projects/dpointslogin:testIamPermissions {"permissions":["firebase.projects.get"]}
[debug] [2025-08-23T12:33:47.723Z] <<< [apiv2][status] POST https://cloudresourcemanager.googleapis.com/v1/projects/dpointslogin:testIamPermissions 200
[debug] [2025-08-23T12:33:47.724Z] <<< [apiv2][body] POST https://cloudresourcemanager.googleapis.com/v1/projects/dpointslogin:testIamPermissions {"permissions":["firebase.projects.get"]}
[debug] [2025-08-23T12:33:47.725Z] >>> [apiv2][query] GET https://firebase.googleapis.com/v1beta1/projects/dpointslogin [none]
[debug] [2025-08-23T12:33:48.590Z] <<< [apiv2][status] GET https://firebase.googleapis.com/v1beta1/projects/dpointslogin 200
[debug] [2025-08-23T12:33:48.590Z] <<< [apiv2][body] GET https://firebase.googleapis.com/v1beta1/projects/dpointslogin {"projectId":"dpointslogin","projectNumber":"486203348613","displayName":"dpointsLogin","name":"projects/dpointslogin","resources":{"hostingSite":"dpointslogin"},"state":"ACTIVE","etag":"1_27328e6c-aacd-4a62-961c-242ed92c0cd5"}
[info] 
[info] === Serving from '/Users/macuser/Documents/Behaviour-Tracker'...
[info] 
[debug] [2025-08-23T12:33:48.593Z] >>> [apiv2][query] GET https://firebasehosting.googleapis.com/v1beta1/projects/dpointslogin/sites 
[debug] [2025-08-23T12:33:50.109Z] <<< [apiv2][status] GET https://firebasehosting.googleapis.com/v1beta1/projects/dpointslogin/sites 200
[debug] [2025-08-23T12:33:50.109Z] <<< [apiv2][body] GET https://firebasehosting.googleapis.com/v1beta1/projects/dpointslogin/sites {"sites":[{"name":"projects/dpointslogin/sites/dpointslogin","defaultUrl":"https://dpointslogin.web.app","type":"DEFAULT_SITE"}]}
[debug] [2025-08-23T12:33:50.109Z] >>> [apiv2][query] GET https://firebase.googleapis.com/v1beta1/projects/dpointslogin/webApps/-/config [none]
[debug] [2025-08-23T12:33:51.027Z] <<< [apiv2][status] GET https://firebase.googleapis.com/v1beta1/projects/dpointslogin/webApps/-/config 200
[debug] [2025-08-23T12:33:51.027Z] <<< [apiv2][body] GET https://firebase.googleapis.com/v1beta1/projects/dpointslogin/webApps/-/config {"projectId":"dpointslogin","appId":"1:486203348613:web:a22083bc80b9326bc73bec","storageBucket":"dpointslogin.firebasestorage.app","apiKey":"AIzaSyBNGdPWISw803XD8xVo0RyCGoGpNX8o_jM","authDomain":"dpointslogin.firebaseapp.com","messagingSenderId":"486203348613"}
[debug] [2025-08-23T12:33:51.053Z] >>> [apiv2][query] GET https://firebase.googleapis.com/v1beta1/projects/dpointslogin [none]
[debug] [2025-08-23T12:33:51.897Z] <<< [apiv2][status] GET https://firebase.googleapis.com/v1beta1/projects/dpointslogin 200
[debug] [2025-08-23T12:33:51.897Z] <<< [apiv2][body] GET https://firebase.googleapis.com/v1beta1/projects/dpointslogin {"projectId":"dpointslogin","projectNumber":"486203348613","displayName":"dpointsLogin","name":"projects/dpointslogin","resources":{"hostingSite":"dpointslogin"},"state":"ACTIVE","etag":"1_27328e6c-aacd-4a62-961c-242ed92c0cd5"}
[info] ✔  hosting[dpointslogin]: Local server: http://localhost:5002 {"metadata":{"emulator":{"name":"hosting"},"message":"Local server: \u001b[4m\u001b[1mhttp://localhost:5002\u001b[22m\u001b[24m"}}
[info] i  hosting: ::1 - - [23/Aug/2025:12:34:40 +0000] "GET /dashboard.html?ide_webview_request_time=1755952480079 HTTP/1.1" 200 - "-" "Mozilla/5.0 (Macintosh; Intel Mac OS X 10_15_7) AppleWebKit/537.36 (KHTML, like Gecko) Trae/1.100.3 Chrome/132.0.6834.210 Electron/34.5.1 Safari/537.36" {"metadata":{"emulator":{"name":"hosting"},"message":"::1 - - [23/Aug/2025:12:34:40 +0000] \"GET /dashboard.html?ide_webview_request_time=1755952480079 HTTP/1.1\" 200 - \"-\" \"Mozilla/5.0 (Macintosh; Intel Mac OS X 10_15_7) AppleWebKit/537.36 (KHTML, like Gecko) Trae/1.100.3 Chrome/132.0.6834.210 Electron/34.5.1 Safari/537.36\""}}
[info] i  hosting: ::1 - - [23/Aug/2025:13:25:37 +0000] "GET /dashboard.html?ide_webview_request_time=1755955537028 HTTP/1.1" 200 - "-" "Mozilla/5.0 (Macintosh; Intel Mac OS X 10_15_7) AppleWebKit/537.36 (KHTML, like Gecko) Trae/1.100.3 Chrome/132.0.6834.210 Electron/34.5.1 Safari/537.36" {"metadata":{"emulator":{"name":"hosting"},"message":"::1 - - [23/Aug/2025:13:25:37 +0000] \"GET /dashboard.html?ide_webview_request_time=1755955537028 HTTP/1.1\" 200 - \"-\" \"Mozilla/5.0 (Macintosh; Intel Mac OS X 10_15_7) AppleWebKit/537.36 (KHTML, like Gecko) Trae/1.100.3 Chrome/132.0.6834.210 Electron/34.5.1 Safari/537.36\""}}
[info] i  hosting: ::1 - - [23/Aug/2025:13:38:57 +0000] "GET /dashboard.html?ide_webview_request_time=1755956337237 HTTP/1.1" 200 - "-" "Mozilla/5.0 (Macintosh; Intel Mac OS X 10_15_7) AppleWebKit/537.36 (KHTML, like Gecko) Trae/1.100.3 Chrome/132.0.6834.210 Electron/34.5.1 Safari/537.36" {"metadata":{"emulator":{"name":"hosting"},"message":"::1 - - [23/Aug/2025:13:38:57 +0000] \"GET /dashboard.html?ide_webview_request_time=1755956337237 HTTP/1.1\" 200 - \"-\" \"Mozilla/5.0 (Macintosh; Intel Mac OS X 10_15_7) AppleWebKit/537.36 (KHTML, like Gecko) Trae/1.100.3 Chrome/132.0.6834.210 Electron/34.5.1 Safari/537.36\""}}
[info] i  hosting: ::1 - - [23/Aug/2025:13:40:09 +0000] "GET /dashboard.html?ide_webview_request_time=1755956337237 HTTP/1.1" 200 - "-" "Mozilla/5.0 (Macintosh; Intel Mac OS X 10_15_7) AppleWebKit/537.36 (KHTML, like Gecko) Trae/1.100.3 Chrome/132.0.6834.210 Electron/34.5.1 Safari/537.36" {"metadata":{"emulator":{"name":"hosting"},"message":"::1 - - [23/Aug/2025:13:40:09 +0000] \"GET /dashboard.html?ide_webview_request_time=1755956337237 HTTP/1.1\" 200 - \"-\" \"Mozilla/5.0 (Macintosh; Intel Mac OS X 10_15_7) AppleWebKit/537.36 (KHTML, like Gecko) Trae/1.100.3 Chrome/132.0.6834.210 Electron/34.5.1 Safari/537.36\""}}
